
7월 12, 2019 16:26:47.81 NEW SESSION
7월 12, 2019 16:26:47.81 [15532:9912:0712/162647.812:ERROR:http_bridge.cc(110)] NOT IMPLEMENTED
7월 12, 2019 16:26:47.90 [15532:5728:0712/162647.906:ERROR:browser_process_sub_thread.cc(221)] Waited 47 ms for network service
7월 12, 2019 16:50:51.63 [8052:6680:0712/165051.636:ERROR:http_bridge.cc(110)] NOT IMPLEMENTED
7월 12, 2019 16:50:51.72 [8052:18996:0712/165051.723:ERROR:browser_process_sub_thread.cc(221)] Waited 48 ms for network service
7월 12, 2019 18:01:01.46 [21264:7968:0712/180101.460:ERROR:http_bridge.cc(110)] NOT IMPLEMENTED
7월 12, 2019 18:01:01.53 [21264:3888:0712/180101.530:ERROR:browser_process_sub_thread.cc(221)] Waited 29 ms for network service
7월 12, 2019 18:20:45.16 [2780:13184:0712/182045.161:ERROR:http_bridge.cc(110)] NOT IMPLEMENTED
7월 12, 2019 18:20:45.27 [2780:14400:0712/182045.277:ERROR:browser_process_sub_thread.cc(221)] Waited 61 ms for network service

7월 13, 2019 12:58:13.10 NEW SESSION
7월 13, 2019 12:58:13.10 [7884:14424:0713/125813.098:ERROR:http_bridge.cc(110)] NOT IMPLEMENTED
7월 13, 2019 12:58:13.25 [7884:15456:0713/125813.252:ERROR:browser_process_sub_thread.cc(221)] Waited 62 ms for network service
7월 13, 2019 13:00:57.21 [5332:16644:0713/130057.215:ERROR:http_bridge.cc(110)] NOT IMPLEMENTED
7월 13, 2019 13:00:57.27 [5332:14912:0713/130057.273:ERROR:browser_process_sub_thread.cc(221)] Waited 20 ms for network service
7월 13, 2019 13:45:40.79 [17016:5348:0713/134540.791:ERROR:http_bridge.cc(110)] NOT IMPLEMENTED
7월 13, 2019 13:45:40.87 [17016:10196:0713/134540.873:ERROR:browser_process_sub_thread.cc(221)] Waited 38 ms for network service
7월 13, 2019 14:03:51.15 [14768:5764:0713/140351.149:ERROR:http_bridge.cc(110)] NOT IMPLEMENTED
7월 13, 2019 14:03:51.24 [14768:1484:0713/140351.247:ERROR:browser_process_sub_thread.cc(221)] Waited 35 ms for network service

7월 13, 2019 15:25:45.86 NEW SESSION
7월 13, 2019 15:25:45.86 [19020:16820:0713/152545.862:ERROR:http_bridge.cc(110)] NOT IMPLEMENTED
7월 13, 2019 15:25:45.97 [19020:6980:0713/152545.971:ERROR:browser_process_sub_thread.cc(221)] Waited 50 ms for network service
7월 13, 2019 15:26:15.64 [15316:12520:0713/152615.644:ERROR:http_bridge.cc(110)] NOT IMPLEMENTED
7월 13, 2019 15:26:15.78 [15316:3488:0713/152615.785:ERROR:browser_process_sub_thread.cc(221)] Waited 42 ms for network service
7월 13, 2019 15:36:29.72 [564:15028:0713/153629.723:ERROR:socket_stream.cc(219)] Closing stream with result -2
7월 13, 2019 15:36:31.96 [564:15028:0713/153631.964:ERROR:connection_factory_impl.cc(413)] Failed to connect to MCS endpoint with error -106
7월 13, 2019 15:36:32.25 [564:15028:0713/153632.259:ERROR:connection_factory_impl.cc(413)] Failed to connect to MCS endpoint with error -106
7월 13, 2019 15:36:48.67 [564:15028:0713/153648.678:ERROR:connection_factory_impl.cc(413)] Failed to connect to MCS endpoint with error -105
7월 13, 2019 15:47:01.42 [564:11576:0713/154701.428:ERROR:http_bridge.cc(110)] NOT IMPLEMENTED
7월 13, 2019 15:47:01.60 [564:15028:0713/154701.604:ERROR:browser_process_sub_thread.cc(221)] Waited 108 ms for network service
7월 13, 2019 15:51:50.32 [21456:10532:0713/155150.329:ERROR:http_bridge.cc(110)] NOT IMPLEMENTED
7월 13, 2019 15:51:50.41 [21456:15432:0713/155150.409:ERROR:browser_process_sub_thread.cc(221)] Waited 48 ms for network service

7월 14, 2019 12:30:40.92 NEW SESSION
7월 14, 2019 12:30:40.92 [10208:12448:0714/123040.922:ERROR:http_bridge.cc(110)] NOT IMPLEMENTED
7월 14, 2019 12:30:41.02 [10208:8144:0714/123041.020:ERROR:browser_process_sub_thread.cc(221)] Waited 40 ms for network service
7월 14, 2019 12:31:33.30 [14444:9608:0714/123133.302:ERROR:http_bridge.cc(110)] NOT IMPLEMENTED
7월 14, 2019 12:31:33.40 [14444:480:0714/123133.409:ERROR:browser_process_sub_thread.cc(221)] Waited 39 ms for network service
7월 14, 2019 12:31:47.26 [12784:10452:0714/123147.264:ERROR:http_bridge.cc(110)] NOT IMPLEMENTED
7월 14, 2019 12:31:47.36 [12784:440:0714/123147.369:ERROR:browser_process_sub_thread.cc(221)] Waited 40 ms for network service
7월 14, 2019 12:34:32.28 [3468:9136:0714/123432.285:ERROR:http_bridge.cc(110)] NOT IMPLEMENTED
7월 14, 2019 12:34:32.37 [3468:13504:0714/123432.379:ERROR:browser_process_sub_thread.cc(221)] Waited 52 ms for network service
7월 14, 2019 12:34:51.55 [10748:2508:0714/123451.551:ERROR:http_bridge.cc(110)] NOT IMPLEMENTED
7월 14, 2019 12:34:51.64 [10748:14248:0714/123451.641:ERROR:browser_process_sub_thread.cc(221)] Waited 47 ms for network service

7월 14, 2019 15:28:08.26 NEW SESSION
7월 14, 2019 15:28:08.26 [1412:10728:0714/152808.241:ERROR:http_bridge.cc(110)] NOT IMPLEMENTED
7월 14, 2019 15:28:08.36 [1412:15136:0714/152808.363:ERROR:browser_process_sub_thread.cc(221)] Waited 43 ms for network service
7월 14, 2019 16:01:20.28 [18964:14968:0714/160120.286:ERROR:http_bridge.cc(110)] NOT IMPLEMENTED
7월 14, 2019 16:01:20.36 [18964:2216:0714/160120.363:ERROR:browser_process_sub_thread.cc(221)] Waited 30 ms for network service
7월 14, 2019 16:40:16.35 [20476:20456:0714/164016.358:ERROR:http_bridge.cc(110)] NOT IMPLEMENTED
7월 14, 2019 16:40:16.46 [20476:18712:0714/164016.460:ERROR:browser_process_sub_thread.cc(221)] Waited 36 ms for network service
7월 14, 2019 16:43:45.07 [20204:17064:0714/164345.076:ERROR:http_bridge.cc(110)] NOT IMPLEMENTED
7월 14, 2019 16:43:45.16 [20204:19936:0714/164345.164:ERROR:browser_process_sub_thread.cc(221)] Waited 34 ms for network service

7월 14, 2019 18:24:19.32 NEW SESSION
7월 14, 2019 18:24:19.32 [10744:14216:0714/182419.322:ERROR:http_bridge.cc(110)] NOT IMPLEMENTED
7월 14, 2019 18:24:19.45 [10744:4560:0714/182419.455:ERROR:browser_process_sub_thread.cc(221)] Waited 45 ms for network service
7월 14, 2019 18:24:42.79 [15048:15276:0714/182442.790:ERROR:http_bridge.cc(110)] NOT IMPLEMENTED
7월 14, 2019 18:24:42.97 [15048:13608:0714/182442.979:ERROR:browser_process_sub_thread.cc(221)] Waited 74 ms for network service

7월 14, 2019 18:35:34.88 NEW SESSION
7월 14, 2019 18:35:34.88 [1976:14560:0714/183534.840:ERROR:http_bridge.cc(110)] NOT IMPLEMENTED
7월 14, 2019 18:35:34.97 [1976:15200:0714/183534.976:ERROR:browser_process_sub_thread.cc(221)] Waited 49 ms for network service
7월 14, 2019 18:39:15.00 [15316:6652:0714/183915.003:ERROR:http_bridge.cc(110)] NOT IMPLEMENTED
7월 14, 2019 18:39:15.09 [15316:6796:0714/183915.092:ERROR:browser_process_sub_thread.cc(221)] Waited 36 ms for network service
7월 14, 2019 18:47:54.66 [11988:1496:0714/184754.668:ERROR:http_bridge.cc(110)] NOT IMPLEMENTED
7월 14, 2019 18:47:54.77 [11988:14864:0714/184754.778:ERROR:browser_process_sub_thread.cc(221)] Waited 53 ms for network service
7월 14, 2019 18:53:37.60 [14492:10268:0714/185337.600:ERROR:http_bridge.cc(110)] NOT IMPLEMENTED
7월 14, 2019 18:53:37.68 [14492:14528:0714/185337.687:ERROR:browser_process_sub_thread.cc(221)] Waited 41 ms for network service

7월 15, 2019 09:45:34.40 NEW SESSION
7월 15, 2019 09:45:34.40 [1628:1588:0715/094534.405:ERROR:http_bridge.cc(110)] NOT IMPLEMENTED
7월 15, 2019 09:45:34.54 [1628:14252:0715/094534.545:ERROR:browser_process_sub_thread.cc(221)] Waited 70 ms for network service
7월 15, 2019 10:12:06.81 [9364:580:0715/101206.819:ERROR:http_bridge.cc(110)] NOT IMPLEMENTED
7월 15, 2019 10:12:06.92 [9364:17152:0715/101206.923:ERROR:browser_process_sub_thread.cc(221)] Waited 57 ms for network service
7월 15, 2019 10:38:41.77 [11184:13812:0715/103841.771:ERROR:http_bridge.cc(110)] NOT IMPLEMENTED
7월 15, 2019 10:38:41.83 [11184:17320:0715/103841.836:ERROR:browser_process_sub_thread.cc(221)] Waited 29 ms for network service

7월 15, 2019 10:42:32.75 NEW SESSION
7월 15, 2019 10:42:32.75 [2120:14640:0715/104232.756:ERROR:http_bridge.cc(110)] NOT IMPLEMENTED
7월 15, 2019 10:42:35.13 [2120:13756:0715/104235.133:ERROR:browser_process_sub_thread.cc(221)] Waited 2316 ms for network service
7월 15, 2019 10:42:56.11 [9388:3668:0715/104256.109:ERROR:http_bridge.cc(110)] NOT IMPLEMENTED
7월 15, 2019 10:42:56.18 [9388:15920:0715/104256.183:ERROR:browser_process_sub_thread.cc(221)] Waited 38 ms for network service

<<<<<<< HEAD
7월 15, 2019 15:19:05.92 NEW SESSION
7월 15, 2019 15:19:05.92 [10600:972:0715/151905.921:ERROR:account_tracker.cc(240)] AccessTokenFetched error: Invalid credentials (credentials rejected by server).
7월 15, 2019 15:19:29.59 [10600:972:0715/151929.596:ERROR:http_bridge.cc(110)] NOT IMPLEMENTED
7월 15, 2019 15:19:29.70 [10600:6012:0715/151929.705:ERROR:browser_process_sub_thread.cc(221)] Waited 31 ms for network service
7월 15, 2019 15:19:45.74 [9436:1304:0715/151945.745:ERROR:account_tracker.cc(240)] AccessTokenFetched error: Invalid credentials (credentials rejected by server).
7월 15, 2019 16:54:13.51 [9436:10160:0715/165413.510:ERROR:socket_stream.cc(219)] Closing stream with result -2
7월 15, 2019 16:54:17.85 [9436:10160:0715/165417.856:ERROR:connection_factory_impl.cc(413)] Failed to connect to MCS endpoint with error -21
7월 15, 2019 16:58:28.70 [9436:10160:0715/165828.703:ERROR:socket_stream.cc(219)] Closing stream with result -2
=======
7월 15, 2019 11:09:58.55 NEW SESSION
7월 15, 2019 11:09:58.55 [8792:17180:0715/110958.549:ERROR:http_bridge.cc(110)] NOT IMPLEMENTED
7월 15, 2019 11:09:58.63 [8792:13796:0715/110958.634:ERROR:browser_process_sub_thread.cc(221)] Waited 33 ms for network service
7월 15, 2019 11:24:47.53 [14836:10532:0715/112447.537:ERROR:http_bridge.cc(110)] NOT IMPLEMENTED
7월 15, 2019 11:24:47.61 [14836:3732:0715/112447.610:ERROR:browser_process_sub_thread.cc(221)] Waited 32 ms for network service
7월 15, 2019 11:26:07.12 [9120:6256:0715/112607.119:ERROR:http_bridge.cc(110)] NOT IMPLEMENTED
7월 15, 2019 11:26:07.20 [9120:1000:0715/112607.202:ERROR:browser_process_sub_thread.cc(221)] Waited 45 ms for network service

7월 15, 2019 13:19:05.24 NEW SESSION
7월 15, 2019 13:19:05.24 [1492:12088:0715/131905.221:ERROR:http_bridge.cc(110)] NOT IMPLEMENTED
7월 15, 2019 13:19:05.33 [1492:15648:0715/131905.338:ERROR:browser_process_sub_thread.cc(221)] Waited 29 ms for network service
7월 15, 2019 13:21:45.80 [16296:6524:0715/132145.808:ERROR:http_bridge.cc(110)] NOT IMPLEMENTED
7월 15, 2019 13:21:45.85 [16296:15028:0715/132145.853:ERROR:browser_process_sub_thread.cc(221)] Waited 14 ms for network service
7월 15, 2019 14:01:12.83 [6200:19432:0715/140112.837:ERROR:http_bridge.cc(110)] NOT IMPLEMENTED
7월 15, 2019 14:01:12.90 [6200:18536:0715/140112.903:ERROR:browser_process_sub_thread.cc(221)] Waited 30 ms for network service
7월 15, 2019 14:37:28.03 [10840:21488:0715/143728.037:ERROR:socket_stream.cc(219)] Closing stream with result -2
7월 15, 2019 14:37:28.04 [10840:21488:0715/143728.042:ERROR:connection_factory_impl.cc(413)] Failed to connect to MCS endpoint with error -21
7월 15, 2019 14:37:31.00 [10840:21488:0715/143731.008:ERROR:connection_factory_impl.cc(413)] Failed to connect to MCS endpoint with error -106
7월 15, 2019 14:38:29.60 [10840:21248:0715/143829.607:ERROR:http_bridge.cc(110)] NOT IMPLEMENTED
7월 15, 2019 14:38:29.69 [10840:21488:0715/143829.697:ERROR:browser_process_sub_thread.cc(221)] Waited 47 ms for network service
7월 15, 2019 16:02:28.63 [21884:23272:0715/160228.637:ERROR:http_bridge.cc(110)] NOT IMPLEMENTED
7월 15, 2019 16:02:28.72 [21884:13028:0715/160228.723:ERROR:browser_process_sub_thread.cc(221)] Waited 24 ms for network service

7월 15, 2019 16:06:30.26 NEW SESSION
7월 15, 2019 16:06:30.26 [25332:19144:0715/160630.267:ERROR:http_bridge.cc(110)] NOT IMPLEMENTED
7월 15, 2019 16:06:30.33 [25332:1912:0715/160630.335:ERROR:browser_process_sub_thread.cc(221)] Waited 23 ms for network service
7월 15, 2019 16:07:17.28 [9520:3692:0715/160717.283:ERROR:http_bridge.cc(110)] NOT IMPLEMENTED
7월 15, 2019 16:07:17.37 [9520:8580:0715/160717.375:ERROR:browser_process_sub_thread.cc(221)] Waited 36 ms for network service

7월 15, 2019 16:08:45.70 NEW SESSION
7월 15, 2019 16:08:45.70 [7820:22448:0715/160845.698:ERROR:http_bridge.cc(110)] NOT IMPLEMENTED
7월 15, 2019 16:08:45.80 [7820:20956:0715/160845.809:ERROR:browser_process_sub_thread.cc(221)] Waited 44 ms for network service
7월 15, 2019 16:08:54.94 [1656:12064:0715/160854.940:ERROR:http_bridge.cc(110)] NOT IMPLEMENTED
7월 15, 2019 16:08:55.03 [1656:18668:0715/160855.032:ERROR:browser_process_sub_thread.cc(221)] Waited 31 ms for network service
7월 15, 2019 16:09:24.41 [3832:6536:0715/160924.412:ERROR:http_bridge.cc(110)] NOT IMPLEMENTED
7월 15, 2019 16:09:24.50 [3832:12596:0715/160924.504:ERROR:browser_process_sub_thread.cc(221)] Waited 33 ms for network service
7월 15, 2019 16:10:39.30 [17300:25232:0715/161039.307:ERROR:http_bridge.cc(110)] NOT IMPLEMENTED
7월 15, 2019 16:10:39.36 [17300:24420:0715/161039.366:ERROR:browser_process_sub_thread.cc(221)] Waited 31 ms for network service
7월 15, 2019 18:08:30.86 [23368:25500:0715/180830.863:ERROR:http_bridge.cc(110)] NOT IMPLEMENTED
7월 15, 2019 18:08:30.94 [23368:612:0715/180830.940:ERROR:browser_process_sub_thread.cc(221)] Waited 14 ms for network service
>>>>>>> 7e8d138b3c3659399a8a16a82dfa3c7f7c505097

<<<<<<< HEAD
7월 16, 2019 21:14:17.27 NEW SESSION
7월 16, 2019 21:14:17.27 [18364:9468:0716/211416.784:ERROR:http_bridge.cc(110)] NOT IMPLEMENTED
7월 16, 2019 21:14:17.28 [18364:17328:0716/211416.927:ERROR:browser_process_sub_thread.cc(221)] Waited 49 ms for network service
7월 16, 2019 21:34:01.03 [4000:1504:0716/213401.036:ERROR:http_bridge.cc(110)] NOT IMPLEMENTED
7월 16, 2019 21:34:01.12 [4000:17772:0716/213401.120:ERROR:browser_process_sub_thread.cc(221)] Waited 20 ms for network service
7월 16, 2019 22:09:25.33 [7228:12300:0716/220925.338:ERROR:connection_factory_impl.cc(413)] Failed to connect to MCS endpoint with error -106
7월 17, 2019 09:34:44.53 [7228:12324:0717/093444.531:ERROR:gcm_channel_status_request.cc(151)] GCM channel request failed.
7월 17, 2019 09:34:45.31 [7228:12300:0717/093444.537:ERROR:connection_factory_impl.cc(413)] Failed to connect to MCS endpoint with error -106
7월 17, 2019 09:34:49.55 [7228:15428:0717/093449.558:ERROR:get_updates_processor.cc(246)] PostClientToServerMessage() failed during GetUpdates
7월 17, 2019 09:35:15.96 [7228:12300:0717/093515.969:ERROR:connection_factory_impl.cc(413)] Failed to connect to MCS endpoint with error -105
7월 17, 2019 09:35:23.18 [7228:15428:0717/093523.188:ERROR:get_updates_processor.cc(246)] PostClientToServerMessage() failed during GetUpdates
7월 17, 2019 09:35:23.19 [7228:12324:0717/093523.188:ERROR:gcm_channel_status_request.cc(151)] GCM channel request failed.
=======
7월 16, 2019 10:24:07.08 NEW SESSION
7월 16, 2019 10:24:07.08 [19756:25836:0716/102407.087:ERROR:http_bridge.cc(110)] NOT IMPLEMENTED
7월 16, 2019 10:24:07.17 [19756:21948:0716/102407.171:ERROR:browser_process_sub_thread.cc(221)] Waited 38 ms for network service
7월 16, 2019 10:24:17.87 [13024:26468:0716/102417.875:ERROR:http_bridge.cc(110)] NOT IMPLEMENTED
7월 16, 2019 10:24:17.96 [13024:1848:0716/102417.966:ERROR:browser_process_sub_thread.cc(221)] Waited 47 ms for network service
7월 16, 2019 11:34:51.07 [26452:28664:0716/113451.072:ERROR:connection_factory_impl.cc(413)] Failed to connect to MCS endpoint with error -106
7월 16, 2019 11:35:21.23 [26452:28664:0716/113521.232:ERROR:connection_factory_impl.cc(413)] Failed to connect to MCS endpoint with error -105
7월 16, 2019 11:35:25.92 [26452:28664:0716/113525.924:ERROR:connection_factory_impl.cc(413)] Failed to connect to MCS endpoint with error -105
7월 16, 2019 11:35:31.56 [26452:28664:0716/113531.562:ERROR:connection_factory_impl.cc(413)] Failed to connect to MCS endpoint with error -105
7월 16, 2019 11:35:35.13 [26452:28664:0716/113535.135:ERROR:connection_factory_impl.cc(413)] Failed to connect to MCS endpoint with error -105
7월 16, 2019 11:35:47.20 [26452:26700:0716/113547.204:ERROR:http_bridge.cc(110)] NOT IMPLEMENTED
7월 16, 2019 11:35:47.28 [26452:28664:0716/113547.289:ERROR:browser_process_sub_thread.cc(221)] Waited 20 ms for network service
7월 16, 2019 12:09:17.12 [20696:18592:0716/120917.120:ERROR:http_bridge.cc(110)] NOT IMPLEMENTED
7월 16, 2019 12:09:17.20 [20696:20684:0716/120917.206:ERROR:browser_process_sub_thread.cc(221)] Waited 34 ms for network service
7월 16, 2019 12:14:58.71 [15652:356:0716/121458.719:ERROR:http_bridge.cc(110)] NOT IMPLEMENTED
7월 16, 2019 12:14:58.85 [15652:18252:0716/121458.850:ERROR:browser_process_sub_thread.cc(221)] Waited 51 ms for network service
7월 16, 2019 12:16:10.48 [4564:3300:0716/121610.484:ERROR:http_bridge.cc(110)] NOT IMPLEMENTED
7월 16, 2019 12:16:10.62 [4564:26220:0716/121610.628:ERROR:browser_process_sub_thread.cc(221)] Waited 45 ms for network service
7월 16, 2019 12:22:41.83 [4240:24492:0716/122241.829:ERROR:http_bridge.cc(110)] NOT IMPLEMENTED
7월 16, 2019 12:22:41.90 [4240:26112:0716/122241.908:ERROR:browser_process_sub_thread.cc(221)] Waited 33 ms for network service
7월 16, 2019 13:16:05.45 [23472:28520:0716/131605.456:ERROR:socket_stream.cc(219)] Closing stream with result -2
7월 16, 2019 13:16:05.55 [23472:28520:0716/131605.549:ERROR:connection_factory_impl.cc(413)] Failed to connect to MCS endpoint with error -21
7월 16, 2019 13:16:08.07 [23472:28520:0716/131608.078:ERROR:connection_factory_impl.cc(413)] Failed to connect to MCS endpoint with error -106
7월 16, 2019 13:16:55.27 [23472:28520:0716/131655.274:ERROR:connection_factory_impl.cc(413)] Failed to connect to MCS endpoint with error -106
7월 16, 2019 13:18:29.66 [23472:28520:0716/131829.660:ERROR:connection_factory_impl.cc(413)] Failed to connect to MCS endpoint with error -106
7월 16, 2019 13:19:34.19 [23472:28520:0716/131934.199:ERROR:connection_factory_impl.cc(413)] Failed to connect to MCS endpoint with error -105
7월 16, 2019 13:20:44.31 [23472:19596:0716/132044.316:ERROR:http_bridge.cc(110)] NOT IMPLEMENTED
7월 16, 2019 13:20:54.37 [23472:28520:0716/132054.375:ERROR:browser_process_sub_thread.cc(221)] Waited 10004 ms for network service
7월 16, 2019 15:25:26.66 [11056:14572:0716/152526.667:ERROR:http_bridge.cc(110)] NOT IMPLEMENTED
7월 16, 2019 15:25:36.73 [11056:200:0716/152536.736:ERROR:browser_process_sub_thread.cc(221)] Waited 10000 ms for network service
7월 16, 2019 15:58:37.72 [13096:23948:0716/155837.723:ERROR:http_bridge.cc(110)] NOT IMPLEMENTED
7월 16, 2019 15:58:37.80 [13096:17496:0716/155837.803:ERROR:browser_process_sub_thread.cc(221)] Waited 25 ms for network service
7월 16, 2019 16:23:09.82 [22852:24404:0716/162309.820:ERROR:http_bridge.cc(110)] NOT IMPLEMENTED
7월 16, 2019 16:23:09.89 [22852:17424:0716/162309.899:ERROR:browser_process_sub_thread.cc(221)] Waited 30 ms for network service
7월 16, 2019 18:01:46.37 [21404:16336:0716/180146.377:ERROR:http_bridge.cc(110)] NOT IMPLEMENTED
7월 16, 2019 18:01:46.48 [21404:10956:0716/180146.488:ERROR:browser_process_sub_thread.cc(221)] Waited 28 ms for network service
7월 16, 2019 18:07:51.74 [16500:17460:0716/180751.745:ERROR:http_bridge.cc(110)] NOT IMPLEMENTED
7월 16, 2019 18:07:51.83 [16500:20216:0716/180751.833:ERROR:browser_process_sub_thread.cc(221)] Waited 41 ms for network service
7월 16, 2019 18:29:24.91 [21656:8016:0716/182924.913:ERROR:http_bridge.cc(110)] NOT IMPLEMENTED
7월 16, 2019 18:29:25.03 [21656:9472:0716/182925.036:ERROR:browser_process_sub_thread.cc(221)] Waited 29 ms for network service
7월 16, 2019 18:29:56.51 [24640:25676:0716/182956.512:ERROR:http_bridge.cc(110)] NOT IMPLEMENTED
7월 16, 2019 18:29:56.58 [24640:25820:0716/182956.587:ERROR:browser_process_sub_thread.cc(221)] Waited 31 ms for network service
<<<<<<< HEAD

7월 16, 2019 20:50:15.30 NEW SESSION
7월 16, 2019 20:50:15.30 [6184:27760:0716/205015.300:ERROR:http_bridge.cc(110)] NOT IMPLEMENTED
7월 16, 2019 20:50:15.41 [6184:27916:0716/205015.410:ERROR:browser_process_sub_thread.cc(221)] Waited 40 ms for network service
7월 16, 2019 20:50:29.51 [26820:13340:0716/205029.517:ERROR:http_bridge.cc(110)] NOT IMPLEMENTED
7월 16, 2019 20:50:29.63 [26820:27392:0716/205029.639:ERROR:browser_process_sub_thread.cc(221)] Waited 32 ms for network service
=======
>>>>>>> e5deb1b23ec3e1f533c70acfe6a215753970c4ce
>>>>>>> a25fb1fed1b0ce7e9caf99ecb4fee8694ef4ec8f

<<<<<<< HEAD
7월 17, 2019 21:17:00.68 NEW SESSION
7월 17, 2019 21:17:00.68 [19900:18992:0717/211700.223:ERROR:http_bridge.cc(110)] NOT IMPLEMENTED
7월 17, 2019 21:17:00.68 [19900:16736:0717/211700.290:ERROR:browser_process_sub_thread.cc(221)] Waited 32 ms for network service
7월 17, 2019 21:21:38.57 [14100:11224:0717/212138.571:ERROR:http_bridge.cc(110)] NOT IMPLEMENTED
7월 17, 2019 21:21:38.62 [14100:7916:0717/212138.623:ERROR:browser_process_sub_thread.cc(221)] Waited 18 ms for network service
=======
7월 17, 2019 10:02:46.33 NEW SESSION
7월 17, 2019 10:02:46.33 [352:27732:0717/100246.335:ERROR:http_bridge.cc(110)] NOT IMPLEMENTED
7월 17, 2019 10:02:46.44 [352:25848:0717/100246.444:ERROR:browser_process_sub_thread.cc(221)] Waited 28 ms for network service
7월 17, 2019 11:11:08.03 [20736:27060:0717/111108.035:ERROR:http_bridge.cc(110)] NOT IMPLEMENTED
7월 17, 2019 11:11:08.19 [20736:20688:0717/111108.195:ERROR:browser_process_sub_thread.cc(221)] Waited 76 ms for network service
7월 17, 2019 12:02:18.27 [4368:20408:0717/120218.270:ERROR:connection_factory_impl.cc(413)] Failed to connect to MCS endpoint with error -106
7월 17, 2019 12:02:38.38 [4368:20408:0717/120238.380:ERROR:connection_factory_impl.cc(413)] Failed to connect to MCS endpoint with error -106
7월 17, 2019 12:03:23.59 [4368:20408:0717/120323.593:ERROR:connection_factory_impl.cc(413)] Failed to connect to MCS endpoint with error -106
7월 17, 2019 12:05:14.12 [4368:20408:0717/120514.121:ERROR:connection_factory_impl.cc(413)] Failed to connect to MCS endpoint with error -106
7월 17, 2019 12:09:03.26 [4368:20408:0717/120903.266:ERROR:connection_factory_impl.cc(413)] Failed to connect to MCS endpoint with error -106
7월 17, 2019 12:15:20.43 [4368:20408:0717/121520.432:ERROR:connection_factory_impl.cc(413)] Failed to connect to MCS endpoint with error -106
7월 17, 2019 12:25:20.43 [4368:20408:0717/122520.435:ERROR:connection_factory_impl.cc(413)] Failed to connect to MCS endpoint with error -106
7월 17, 2019 12:29:27.29 [4368:20408:0717/122927.293:ERROR:connection_factory_impl.cc(413)] Failed to connect to MCS endpoint with error -105
7월 17, 2019 12:29:31.02 [4368:20408:0717/122931.023:ERROR:connection_factory_impl.cc(413)] Failed to connect to MCS endpoint with error -105
7월 17, 2019 12:29:37.05 [4368:20408:0717/122937.055:ERROR:connection_factory_impl.cc(413)] Failed to connect to MCS endpoint with error -105
7월 17, 2019 12:29:40.56 [4368:20408:0717/122940.569:ERROR:connection_factory_impl.cc(413)] Failed to connect to MCS endpoint with error -105
7월 17, 2019 12:57:33.80 [4368:20408:0717/125733.806:ERROR:socket_stream.cc(219)] Closing stream with result -2
7월 17, 2019 12:57:36.02 [4368:20408:0717/125736.026:ERROR:connection_factory_impl.cc(413)] Failed to connect to MCS endpoint with error -106
7월 17, 2019 12:57:58.76 [4368:20408:0717/125758.762:ERROR:connection_factory_impl.cc(413)] Failed to connect to MCS endpoint with error -105
7월 17, 2019 15:35:25.06 [4368:8216:0717/153525.069:ERROR:http_bridge.cc(110)] NOT IMPLEMENTED
7월 17, 2019 15:35:35.14 [4368:20408:0717/153535.148:ERROR:browser_process_sub_thread.cc(221)] Waited 10013 ms for network service
7월 17, 2019 19:18:21.17 [1456:30952:0717/191821.170:ERROR:http_bridge.cc(110)] NOT IMPLEMENTED
7월 17, 2019 19:18:21.25 [1456:31888:0717/191821.258:ERROR:browser_process_sub_thread.cc(221)] Waited 24 ms for network service
7월 17, 2019 19:18:27.14 [33824:32976:0717/191827.146:ERROR:cache_util_win.cc(21)] Unable to move the cache: 액세스가 거부되었습니다. (0x5)
7월 17, 2019 19:18:27.15 [33824:32976:0717/191827.147:ERROR:cache_util.cc(141)] Unable to move cache folder C:\Users\saqwz\AppData\Local\Google\Chrome\User Data\ShaderCache\GPUCache to C:\Users\saqwz\AppData\Local\Google\Chrome\User Data\ShaderCache\old_GPUCache_000
7월 17, 2019 19:18:27.16 [33824:32976:0717/191827.147:ERROR:disk_cache.cc(178)] Unable to create cache
7월 17, 2019 19:18:27.16 [33824:32976:0717/191827.147:ERROR:shader_disk_cache.cc(623)] Shader Cache Creation failed: -2
7월 17, 2019 19:18:28.16 기존 브라우저 세션에서 여는 중입니다.
7월 17, 2019 19:18:29.86 [22296:27116:0717/191829.861:ERROR:browser_process_sub_thread.cc(221)] Waited 101 ms for network service
7월 17, 2019 21:07:25.98 [12104:25400:0717/210725.983:ERROR:http_bridge.cc(110)] NOT IMPLEMENTED
7월 17, 2019 21:07:26.06 [12104:30020:0717/210726.068:ERROR:browser_process_sub_thread.cc(221)] Waited 38 ms for network service
7월 17, 2019 21:23:43.38 [32328:32740:0717/212343.388:ERROR:http_bridge.cc(110)] NOT IMPLEMENTED
7월 17, 2019 21:23:43.47 [32328:30788:0717/212343.479:ERROR:browser_process_sub_thread.cc(221)] Waited 39 ms for network service
>>>>>>> 2039c9e1d0ac9f892a531da56fecb0ea79de6550

7월 17, 2019 21:34:37.98 NEW SESSION
7월 17, 2019 21:34:37.98 [20304:18956:0717/213437.987:ERROR:http_bridge.cc(110)] NOT IMPLEMENTED
7월 17, 2019 21:34:38.06 [20304:900:0717/213438.065:ERROR:browser_process_sub_thread.cc(221)] Waited 43 ms for network service
7월 17, 2019 21:35:20.41 [16940:19364:0717/213520.415:ERROR:http_bridge.cc(110)] NOT IMPLEMENTED
7월 17, 2019 21:35:20.48 [16940:18872:0717/213520.485:ERROR:browser_process_sub_thread.cc(221)] Waited 36 ms for network service
7월 17, 2019 21:36:01.61 [18928:18496:0717/213601.614:ERROR:http_bridge.cc(110)] NOT IMPLEMENTED
7월 17, 2019 21:36:01.68 [18928:16344:0717/213601.685:ERROR:browser_process_sub_thread.cc(221)] Waited 27 ms for network service
7월 17, 2019 21:36:32.47 [17428:18796:0717/213632.476:ERROR:http_bridge.cc(110)] NOT IMPLEMENTED
7월 17, 2019 21:36:32.55 [17428:15940:0717/213632.558:ERROR:browser_process_sub_thread.cc(221)] Waited 43 ms for network service

<<<<<<< HEAD
7월 18, 2019 10:13:14.31 NEW SESSION
7월 18, 2019 10:13:14.31 [26812:18904:0718/101314.307:ERROR:http_bridge.cc(110)] NOT IMPLEMENTED
7월 18, 2019 10:13:14.44 [26812:24712:0718/101314.442:ERROR:browser_process_sub_thread.cc(221)] Waited 63 ms for network service
7월 18, 2019 10:14:48.44 [17228:26344:0718/101448.446:ERROR:http_bridge.cc(110)] NOT IMPLEMENTED
7월 18, 2019 10:14:48.54 [17228:2824:0718/101448.547:ERROR:browser_process_sub_thread.cc(221)] Waited 41 ms for network service

7월 18, 2019 11:48:55.40 NEW SESSION
7월 18, 2019 11:48:55.40 [25768:20536:0718/114855.404:ERROR:http_bridge.cc(110)] NOT IMPLEMENTED
7월 18, 2019 11:48:55.48 [25768:31780:0718/114855.483:ERROR:browser_process_sub_thread.cc(221)] Waited 35 ms for network service

7월 18, 2019 15:15:01.37 NEW SESSION
7월 18, 2019 15:15:01.37 [25792:6356:0718/151501.146:ERROR:http_bridge.cc(110)] NOT IMPLEMENTED
7월 18, 2019 15:15:01.38 [25792:16188:0718/151501.216:ERROR:browser_process_sub_thread.cc(221)] Waited 39 ms for network service
7월 18, 2019 16:11:08.45 [13392:10640:0718/161108.454:ERROR:http_bridge.cc(110)] NOT IMPLEMENTED
7월 18, 2019 16:11:08.53 [13392:28236:0718/161108.534:ERROR:browser_process_sub_thread.cc(221)] Waited 30 ms for network service
7월 18, 2019 16:19:03.38 [13340:9816:0718/161903.387:ERROR:http_bridge.cc(110)] NOT IMPLEMENTED
7월 18, 2019 16:19:03.48 [13340:16568:0718/161903.487:ERROR:browser_process_sub_thread.cc(221)] Waited 37 ms for network service
7월 18, 2019 16:26:25.28 [21196:32800:0718/162625.287:ERROR:http_bridge.cc(110)] NOT IMPLEMENTED
7월 18, 2019 16:26:25.38 [21196:4964:0718/162625.382:ERROR:browser_process_sub_thread.cc(221)] Waited 24 ms for network service
7월 18, 2019 16:49:13.73 [14788:20768:0718/164913.739:ERROR:http_bridge.cc(110)] NOT IMPLEMENTED
7월 18, 2019 16:49:13.80 [14788:13912:0718/164913.806:ERROR:browser_process_sub_thread.cc(221)] Waited 30 ms for network service
7월 18, 2019 20:24:00.07 [32384:21224:0718/202400.076:ERROR:http_bridge.cc(110)] NOT IMPLEMENTED
7월 18, 2019 20:24:00.16 [32384:33744:0718/202400.166:ERROR:browser_process_sub_thread.cc(221)] Waited 29 ms for network service
=======
7월 18, 2019 16:55:44.06 NEW SESSION
7월 18, 2019 16:55:44.06 [14412:15460:0718/165544.061:ERROR:http_bridge.cc(110)] NOT IMPLEMENTED
7월 18, 2019 16:55:44.13 [14412:2192:0718/165544.138:ERROR:browser_process_sub_thread.cc(221)] Waited 23 ms for network service
7월 18, 2019 18:50:16.80 [15824:4528:0718/185016.800:ERROR:textfield.cc(1758)] NOT IMPLEMENTED
>>>>>>> 1c5f3472840e59320a38f4dfd6b748b9afea52be

<<<<<<< HEAD
7월 19, 2019 09:56:03.14 NEW SESSION
7월 19, 2019 09:56:03.14 [17668:32588:0719/095603.142:ERROR:http_bridge.cc(110)] NOT IMPLEMENTED
7월 19, 2019 09:56:03.22 [17668:8120:0719/095603.220:ERROR:browser_process_sub_thread.cc(221)] Waited 25 ms for network service
7월 19, 2019 10:46:32.58 [20912:15852:0719/104632.587:ERROR:http_bridge.cc(110)] NOT IMPLEMENTED
7월 19, 2019 10:46:32.68 [20912:6164:0719/104632.682:ERROR:browser_process_sub_thread.cc(221)] Waited 18 ms for network service
7월 19, 2019 12:44:13.13 [17344:32556:0719/124413.136:ERROR:socket_stream.cc(219)] Closing stream with result -2
7월 19, 2019 14:35:51.43 [17344:5712:0719/143551.431:ERROR:http_bridge.cc(110)] NOT IMPLEMENTED
7월 19, 2019 14:35:51.51 [17344:32556:0719/143551.517:ERROR:browser_process_sub_thread.cc(221)] Waited 44 ms for network service

7월 19, 2019 20:00:13.06 NEW SESSION
7월 19, 2019 20:00:13.06 [28420:25704:0719/200013.062:ERROR:http_bridge.cc(110)] NOT IMPLEMENTED
7월 19, 2019 20:00:13.18 [28420:19816:0719/200013.188:ERROR:browser_process_sub_thread.cc(221)] Waited 57 ms for network service
7월 19, 2019 20:10:14.79 [10088:14352:0719/201014.798:ERROR:http_bridge.cc(110)] NOT IMPLEMENTED
7월 19, 2019 20:10:14.87 [10088:30292:0719/201014.871:ERROR:browser_process_sub_thread.cc(221)] Waited 15 ms for network service

7월 20, 2019 15:02:07.68 NEW SESSION
7월 20, 2019 15:02:07.68 [19960:17020:0720/150207.681:ERROR:http_bridge.cc(110)] NOT IMPLEMENTED
7월 20, 2019 15:02:07.76 [19960:32008:0720/150207.761:ERROR:browser_process_sub_thread.cc(221)] Waited 22 ms for network service

7월 20, 2019 20:18:11.40 NEW SESSION
7월 20, 2019 20:18:11.40 [33860:20104:0720/201811.386:ERROR:socket_stream.cc(219)] Closing stream with result -2
7월 21, 2019 11:16:49.67 [33860:15944:0721/111649.677:ERROR:http_bridge.cc(110)] NOT IMPLEMENTED
7월 21, 2019 11:16:49.76 [33860:20104:0721/111649.767:ERROR:browser_process_sub_thread.cc(221)] Waited 46 ms for network service
7월 21, 2019 13:45:14.61 [32236:2648:0721/134514.611:ERROR:http_bridge.cc(110)] NOT IMPLEMENTED
7월 21, 2019 13:45:14.72 [32236:7580:0721/134514.724:ERROR:browser_process_sub_thread.cc(221)] Waited 25 ms for network service
7월 21, 2019 13:57:25.20 [5544:21428:0721/135725.207:ERROR:http_bridge.cc(110)] NOT IMPLEMENTED
7월 21, 2019 13:57:25.34 [5544:9176:0721/135725.346:ERROR:browser_process_sub_thread.cc(221)] Waited 78 ms for network service
7월 21, 2019 14:25:01.35 [6496:16696:0721/142501.354:ERROR:http_bridge.cc(110)] NOT IMPLEMENTED
7월 21, 2019 14:25:01.45 [6496:20300:0721/142501.449:ERROR:browser_process_sub_thread.cc(221)] Waited 32 ms for network service
7월 21, 2019 15:30:46.48 [26060:7004:0721/153046.489:ERROR:socket_stream.cc(219)] Closing stream with result -2
7월 21, 2019 15:30:46.58 [26060:7004:0721/153046.580:ERROR:connection_factory_impl.cc(413)] Failed to connect to MCS endpoint with error -105
7월 21, 2019 15:30:49.12 [26060:7004:0721/153049.123:ERROR:connection_factory_impl.cc(413)] Failed to connect to MCS endpoint with error -106
7월 21, 2019 15:31:43.57 [26060:7004:0721/153143.571:ERROR:connection_factory_impl.cc(413)] Failed to connect to MCS endpoint with error -106
7월 21, 2019 15:33:07.13 [26060:7004:0721/153307.128:ERROR:connection_factory_impl.cc(413)] Failed to connect to MCS endpoint with error -106
7월 21, 2019 15:36:09.69 [26060:7004:0721/153609.692:ERROR:connection_factory_impl.cc(413)] Failed to connect to MCS endpoint with error -106

7월 21, 2019 17:26:39.99 NEW SESSION
7월 21, 2019 17:26:39.99 [11676:12872:0721/172639.991:ERROR:http_bridge.cc(110)] NOT IMPLEMENTED
7월 21, 2019 17:26:40.08 [11676:4720:0721/172640.081:ERROR:browser_process_sub_thread.cc(221)] Waited 42 ms for network service
7월 21, 2019 17:49:57.32 [10228:31456:0721/174957.321:ERROR:http_bridge.cc(110)] NOT IMPLEMENTED
7월 21, 2019 17:49:57.40 [10228:11268:0721/174957.406:ERROR:browser_process_sub_thread.cc(221)] Waited 25 ms for network service
7월 21, 2019 17:59:59.56 [30004:976:0721/175959.566:ERROR:socket_stream.cc(219)] Closing stream with result -2
7월 21, 2019 17:59:59.66 [30004:976:0721/175959.668:ERROR:connection_factory_impl.cc(413)] Failed to connect to MCS endpoint with error -106
7월 21, 2019 18:00:02.17 [30004:976:0721/180002.173:ERROR:connection_factory_impl.cc(413)] Failed to connect to MCS endpoint with error -106
7월 21, 2019 18:00:52.10 [30004:976:0721/180052.099:ERROR:connection_factory_impl.cc(413)] Failed to connect to MCS endpoint with error -106
7월 21, 2019 18:02:26.25 [30004:976:0721/180226.250:ERROR:connection_factory_impl.cc(413)] Failed to connect to MCS endpoint with error -106
7월 21, 2019 18:05:25.53 [30004:976:0721/180525.537:ERROR:connection_factory_impl.cc(413)] Failed to connect to MCS endpoint with error -106
7월 21, 2019 18:09:42.43 [30004:2484:0721/180942.432:ERROR:gcm_channel_status_request.cc(151)] GCM channel request failed.
7월 21, 2019 18:10:08.76 [30004:2484:0721/181008.768:ERROR:gcm_channel_status_request.cc(151)] GCM channel request failed.
7월 21, 2019 18:11:03.53 [30004:2484:0721/181103.535:ERROR:gcm_channel_status_request.cc(151)] GCM channel request failed.
7월 21, 2019 18:12:30.20 [30004:976:0721/181230.208:ERROR:connection_factory_impl.cc(413)] Failed to connect to MCS endpoint with error -106
7월 21, 2019 18:12:55.59 [30004:2484:0721/181255.593:ERROR:gcm_channel_status_request.cc(151)] GCM channel request failed.
7월 21, 2019 18:20:54.16 [30004:2484:0721/182054.168:ERROR:http_bridge.cc(110)] NOT IMPLEMENTED
7월 21, 2019 18:20:54.25 [30004:976:0721/182054.258:ERROR:browser_process_sub_thread.cc(221)] Waited 35 ms for network service
7월 21, 2019 18:57:15.93 [4396:8848:0721/185715.935:ERROR:socket_stream.cc(219)] Closing stream with result -2
7월 21, 2019 20:36:35.69 [4396:2796:0721/203635.697:ERROR:http_bridge.cc(110)] NOT IMPLEMENTED
7월 21, 2019 20:36:35.78 [4396:8848:0721/203635.782:ERROR:browser_process_sub_thread.cc(221)] Waited 48 ms for network service
7월 21, 2019 21:33:45.94 [32320:21896:0721/213345.946:ERROR:http_bridge.cc(110)] NOT IMPLEMENTED
7월 21, 2019 21:33:46.08 [32320:26112:0721/213346.081:ERROR:browser_process_sub_thread.cc(221)] Waited 46 ms for network service

7월 22, 2019 10:15:13.31 NEW SESSION
7월 22, 2019 10:15:13.31 [13612:7512:0722/101513.317:ERROR:http_bridge.cc(110)] NOT IMPLEMENTED
7월 22, 2019 10:15:13.42 [13612:11148:0722/101513.427:ERROR:browser_process_sub_thread.cc(221)] Waited 25 ms for network service
=======
7월 19, 2019 10:12:01.59 NEW SESSION
7월 19, 2019 10:12:01.59 [10764:4156:0719/101201.595:ERROR:backend_impl.cc(1060)] Critical error found -8
7월 19, 2019 10:15:05.27 [10764:4156:0719/101505.276:ERROR:backend_impl.cc(1060)] Critical error found -8
7월 19, 2019 10:15:05.28 [10764:4156:0719/101505.277:ERROR:entry_impl.cc(995)] Failed to save user data
7월 19, 2019 11:52:33.44 [10764:5904:0719/115233.448:ERROR:http_bridge.cc(110)] NOT IMPLEMENTED
7월 19, 2019 11:52:33.52 [10764:7396:0719/115233.525:ERROR:browser_process_sub_thread.cc(221)] Waited 21 ms for network service
>>>>>>> 6e33cf90ee0db050711ae0cc38fe432e36897e02
7월 22, 2019 10:21:16.44 [3432:8752:0722/102116.449:ERROR:http_bridge.cc(110)] NOT IMPLEMENTED
7월 22, 2019 10:21:16.53 [3432:13484:0722/102116.538:ERROR:browser_process_sub_thread.cc(221)] Waited 31 ms for network service
7월 22, 2019 10:33:30.63 [2540:7488:0722/103330.637:ERROR:http_bridge.cc(110)] NOT IMPLEMENTED
7월 22, 2019 10:33:30.73 [2540:6604:0722/103330.738:ERROR:browser_process_sub_thread.cc(221)] Waited 17 ms for network service
7월 22, 2019 12:46:54.12 [10556:12868:0722/124654.127:ERROR:http_bridge.cc(110)] NOT IMPLEMENTED
7월 22, 2019 12:46:54.32 [10556:10204:0722/124654.323:ERROR:browser_process_sub_thread.cc(221)] Waited 109 ms for network service
7월 22, 2019 12:47:30.00 [8312:15628:0722/124730.003:ERROR:http_bridge.cc(110)] NOT IMPLEMENTED
7월 22, 2019 12:47:30.09 [8312:14436:0722/124730.091:ERROR:browser_process_sub_thread.cc(221)] Waited 44 ms for network service
7월 22, 2019 12:47:47.33 [16324:16204:0722/124747.335:ERROR:http_bridge.cc(110)] NOT IMPLEMENTED
7월 22, 2019 12:47:47.44 [16324:5780:0722/124747.441:ERROR:browser_process_sub_thread.cc(221)] Waited 38 ms for network service
7월 22, 2019 15:20:10.12 [14540:5140:0722/152010.129:ERROR:http_bridge.cc(110)] NOT IMPLEMENTED
7월 22, 2019 15:20:10.21 [14540:16288:0722/152010.218:ERROR:browser_process_sub_thread.cc(221)] Waited 30 ms for network service
7월 22, 2019 15:22:42.33 [17472:16608:0722/152242.333:ERROR:http_bridge.cc(110)] NOT IMPLEMENTED
7월 22, 2019 15:22:42.45 [17472:14872:0722/152242.456:ERROR:browser_process_sub_thread.cc(221)] Waited 66 ms for network service
7월 22, 2019 15:34:33.12 [7948:16728:0722/153433.122:ERROR:http_bridge.cc(110)] NOT IMPLEMENTED
7월 22, 2019 15:34:33.19 [7948:15440:0722/153433.189:ERROR:browser_process_sub_thread.cc(221)] Waited 23 ms for network service
7월 22, 2019 15:37:00.01 [14348:17572:0722/153700.014:ERROR:http_bridge.cc(110)] NOT IMPLEMENTED
7월 22, 2019 15:37:00.15 [14348:16964:0722/153700.152:ERROR:browser_process_sub_thread.cc(221)] Waited 33 ms for network service
7월 22, 2019 15:38:19.65 [10992:17088:0722/153819.654:ERROR:http_bridge.cc(110)] NOT IMPLEMENTED
7월 22, 2019 15:38:19.83 [10992:15468:0722/153819.830:ERROR:browser_process_sub_thread.cc(221)] Waited 60 ms for network service
7월 22, 2019 15:39:28.24 [17996:18080:0722/153928.240:ERROR:http_bridge.cc(110)] NOT IMPLEMENTED
7월 22, 2019 15:39:28.36 [17996:10256:0722/153928.364:ERROR:browser_process_sub_thread.cc(221)] Waited 42 ms for network service
7월 22, 2019 15:40:50.95 [16548:3532:0722/154050.952:ERROR:http_bridge.cc(110)] NOT IMPLEMENTED
7월 22, 2019 15:40:51.04 [16548:14608:0722/154051.046:ERROR:browser_process_sub_thread.cc(221)] Waited 38 ms for network service
